<?xml version="1.0" encoding="UTF-8"?>
<testsuite name="GoogleMapTest" tests="1" skipped="0" failures="0" errors="0" timestamp="2022-03-18T11:39:10" hostname="MacBook-Pro-Egor.local" time="1.285">
  <properties/>
  <testcase name="Google map geocode success" classname="GoogleMapTest" time="1.285"/>
  <system-out><![CDATA[]]></system-out>
  <system-err><![CDATA[]]></system-err>
</testsuite>
