<?xml version="1.0" encoding="UTF-8"?>
<testsuite name="OdooTest" tests="3" skipped="0" failures="0" errors="0" timestamp="2022-03-18T11:39:12" hostname="MacBook-Pro-Egor.local" time="0.239">
  <properties/>
  <testcase name="Odoo Country.getByNativeId" classname="OdooTest" time="0.133"/>
  <testcase name="Odoo Customer.create" classname="OdooTest" time="0.086"/>
  <testcase name="Odoo Customer.getByNativeId" classname="OdooTest" time="0.016"/>
  <system-out><![CDATA[]]></system-out>
  <system-err><![CDATA[]]></system-err>
</testsuite>
