<?xml version="1.0" encoding="UTF-8"?>
<testsuite name="NetworkServiceSubscriptionTest" tests="1" skipped="0" failures="0" errors="0" timestamp="2022-03-18T11:39:13" hostname="MacBook-Pro-Egor.local" time="0.051">
  <properties/>
  <testcase name="Hydra rest api get customer network service subscriptions" classname="NetworkServiceSubscriptionTest" time="0.051"/>
  <system-out><![CDATA[14:39:13.341 [Test worker] INFO  com.hydra_billing.camunda.api.hydra.rest.v2.NetworkServiceSubscription$Companion - Get network service subscriptions for subject 50293401
]]></system-out>
  <system-err><![CDATA[]]></system-err>
</testsuite>
