<?xml version="1.0" encoding="UTF-8"?>
<testsuite name="CatalogItemTest" tests="1" skipped="0" failures="0" errors="0" timestamp="2022-03-18T11:39:12" hostname="MacBook-Pro-Egor.local" time="0.19">
  <properties/>
  <testcase name="Hydra rest api get good" classname="CatalogItemTest" time="0.19"/>
  <system-out><![CDATA[14:39:12.578 [Test worker] INFO  com.hydra_billing.camunda.api.hydra.rest.v2.catalog.CatalogItem$Companion - Get catalog item by id=40213401
]]></system-out>
  <system-err><![CDATA[]]></system-err>
</testsuite>
