<?xml version="1.0" encoding="UTF-8"?>
<testsuite name="OrderTest" tests="4" skipped="0" failures="0" errors="0" timestamp="2022-03-18T11:39:12" hostname="MacBook-Pro-Egor.local" time="0.277">
  <properties/>
  <testcase name="Hydra OMS order create" classname="OrderTest" time="0.137"/>
  <testcase name="Hydra OMS order update" classname="OrderTest" time="0.016"/>
  <testcase name="Hydra OMS order list" classname="OrderTest" time="0.094"/>
  <testcase name="Hydra OMS order show" classname="OrderTest" time="0.021"/>
  <system-out><![CDATA[14:39:12.920 [Test worker] INFO  com.hydra_billing.camunda.api.hydra.oms.Order$Companion - Create order with OrderParams(code=null, ext_code=ext_code, bp_id=bp_id, bp_state=bp_state, state=in_progress, archived=false, data=OrderData(employeeFirstName=James), done_at=2016-05-16T13:52:48+03:00, order_type_code=vacation_request, user_email=null).
14:39:13.055 [Test worker] INFO  com.hydra_billing.camunda.api.hydra.oms.Order$Companion - Update order with OrderParams(code=ORD-2, ext_code=ext_code, bp_id=bp_id, bp_state=bp_state, state=in_progress, archived=false, data=OrderData(employeeFirstName=James), done_at=2016-05-16T13:52:48+03:00, order_type_code=vacation_request, user_email=null).
14:39:13.073 [Test worker] INFO  com.hydra_billing.camunda.api.hydra.oms.Order$Companion - Get ordes list page = 2 page_size = 2.
14:39:13.166 [Test worker] INFO  com.hydra_billing.camunda.api.hydra.oms.Order$Companion - Get order by code ORD-1.
]]></system-out>
  <system-err><![CDATA[]]></system-err>
</testsuite>
