<?xml version="1.0" encoding="UTF-8"?>
<testsuite name="NetDeviceEntryAddressesTest" tests="5" skipped="0" failures="0" errors="0" timestamp="2022-03-18T11:39:12" hostname="MacBook-Pro-Egor.local" time="0.333">
  <properties/>
  <testcase name="Hydra rest api create net device entry address" classname="NetDeviceEntryAddressesTest" time="0.127"/>
  <testcase name="Hydra rest api delete net device entry addresses by id" classname="NetDeviceEntryAddressesTest" time="0.017"/>
  <testcase name="Hydra rest api update net device entry address" classname="NetDeviceEntryAddressesTest" time="0.045"/>
  <testcase name="Hydra rest api get net device entry address by id" classname="NetDeviceEntryAddressesTest" time="0.018"/>
  <testcase name="Hydra rest api get net device entry addresses list" classname="NetDeviceEntryAddressesTest" time="0.122"/>
  <system-out><![CDATA[14:39:12.812 [Test worker] INFO  com.hydra_billing.camunda.api.hydra.rest.v2.net_devices.entries.Address$Companion - Create address for equipment 51091001 component 51091901 with CreateAddressParams(n_address_id=null, n_addr_type_id=IPv4, n_par_addr_id=null, n_bind_addr_id=null, n_obj_addr_type_id=Actual, n_region_id=null, d_begin=2021-12-29T08:42:08+03:00, d_end=null, n_firm_id=null, vc_code=192.168.45.1, vc_address=null, vc_entrance_no=null, n_floor_no=null, vc_flat=null, n_mask=null, c_fl_is_real_subnet=null, vc_intercom_code=null, vc_rem=null)
14:39:12.915 [Test worker] INFO  com.hydra_billing.camunda.api.hydra.rest.v2.net_devices.entries.Address$Companion - Delete address 51122702 for equipment 50182709 component 51091901
14:39:12.935 [Test worker] INFO  com.hydra_billing.camunda.api.hydra.rest.v2.net_devices.entries.Address$Companion - Update address 234036701 for equipment 51091001 component 51091901 with UpdateAddressParams(n_addr_type_id=null, n_par_addr_id=null, n_bind_addr_id=null, n_obj_addr_type_id=null, n_region_id=null, d_begin=null, d_end=null, n_firm_id=null, vc_code=null, vc_address=null, vc_entrance_no=null, n_floor_no=null, vc_flat=null, n_mask=null, c_fl_is_real_subnet=null, vc_intercom_code=null, vc_rem=123)
14:39:12.979 [Test worker] INFO  com.hydra_billing.camunda.api.hydra.rest.v2.net_devices.entries.Address$Companion - Get address for equipment 50182709 component 51091901 with id 51122701
14:39:12.998 [Test worker] INFO  com.hydra_billing.camunda.api.hydra.rest.v2.net_devices.entries.Address$Companion - Get addresses for equipment 50182701
]]></system-out>
  <system-err><![CDATA[]]></system-err>
</testsuite>
