<?xml version="1.0" encoding="UTF-8"?>
<testsuite name="NetDeviceAddressesTest" tests="4" skipped="0" failures="0" errors="0" timestamp="2022-03-18T11:39:12" hostname="MacBook-Pro-Egor.local" time="0.263">
  <properties/>
  <testcase name="Hydra rest api create net device address" classname="NetDeviceAddressesTest" time="0.153"/>
  <testcase name="Hydra rest api update net device address" classname="NetDeviceAddressesTest" time="0.033"/>
  <testcase name="Hydra rest api get net device addresses by id" classname="NetDeviceAddressesTest" time="0.03"/>
  <testcase name="Hydra rest api get net device addresses list" classname="NetDeviceAddressesTest" time="0.042"/>
  <system-out><![CDATA[14:39:12.228 [Test worker] INFO  com.hydra_billing.camunda.api.hydra.rest.v2.net_devices.Address$Companion - Create address for equipment 51091001 with CreateAddressParams(n_address_id=null, n_addr_type_id=FactPlace, n_par_addr_id=null, n_bind_addr_id=null, n_obj_addr_type_id=Actual, n_region_id=51160001, d_begin=2021-12-29T08:42:07+03:00, d_end=null, n_firm_id=null, vc_code=null, vc_address=null, vc_entrance_no=null, n_floor_no=null, vc_flat=null, n_mask=null, c_fl_is_real_subnet=null, vc_intercom_code=null, vc_rem=null)
14:39:12.362 [Test worker] INFO  com.hydra_billing.camunda.api.hydra.rest.v2.net_devices.Address$Companion - Update address 50184301 for equipment 50182709 with UpdateAddressParams(n_addr_type_id=null, n_par_addr_id=null, n_bind_addr_id=null, n_obj_addr_type_id=null, n_region_id=null, d_begin=null, d_end=null, n_firm_id=null, vc_code=null, vc_address=null, vc_entrance_no=null, n_floor_no=null, vc_flat=null, n_mask=null, c_fl_is_real_subnet=null, vc_intercom_code=null, vc_rem=123)
14:39:12.397 [Test worker] INFO  com.hydra_billing.camunda.api.hydra.rest.v2.net_devices.Address$Companion - Get address for equipment 50182701 with id 50184301
14:39:12.428 [Test worker] INFO  com.hydra_billing.camunda.api.hydra.rest.v2.net_devices.Address$Companion - Get addresses for equipment 50182701
]]></system-out>
  <system-err><![CDATA[]]></system-err>
</testsuite>
