<?xml version="1.0" encoding="UTF-8"?>
<testsuite name="IndividualClientTest" tests="3" skipped="0" failures="0" errors="0" timestamp="2022-03-18T11:39:13" hostname="MacBook-Pro-Egor.local" time="0.081">
  <properties/>
  <testcase name="Planado v2 individual client create test" classname="IndividualClientTest" time="0.028"/>
  <testcase name="Planado v2 individual client update test" classname="IndividualClientTest" time="0.009"/>
  <testcase name="Planado v2 individual client get test" classname="IndividualClientTest" time="0.042"/>
  <system-out><![CDATA[]]></system-out>
  <system-err><![CDATA[]]></system-err>
</testsuite>
