<?xml version="1.0" encoding="UTF-8"?>
<testsuite name="CustomerContractTest" tests="1" skipped="0" failures="0" errors="0" timestamp="2022-03-18T11:39:12" hostname="MacBook-Pro-Egor.local" time="0.128">
  <properties/>
  <testcase name="Hydra rest api create customer contract" classname="CustomerContractTest" time="0.128"/>
  <system-out><![CDATA[14:39:12.767 [Test worker] INFO  com.hydra_billing.camunda.api.hydra.rest.v2.subjects.customers.CustomerContract$Companion - Create contract for customer 94893001 with CreateParams(n_doc_type_id=CustomerContract, n_provider_id=100, n_firm_id=100, n_workflow_id=SubscriberContract, n_parent_doc_id=40232501, vc_doc_no=Test subscriber contract v2, d_doc=null, d_begin=null, d_end=null, vc_rem=null)
]]></system-out>
  <system-err><![CDATA[]]></system-err>
</testsuite>
