<?xml version="1.0" encoding="UTF-8"?>
<testsuite name="JobTest" tests="3" skipped="0" failures="0" errors="0" timestamp="2022-03-18T11:39:10" hostname="MacBook-Pro-Egor.local" time="1.449">
  <properties/>
  <testcase name="Planado v2 job create test" classname="JobTest" time="1.237"/>
  <testcase name="Planado v2 job update test" classname="JobTest" time="0.014"/>
  <testcase name="Planado v2 job get test" classname="JobTest" time="0.196"/>
  <system-out><![CDATA[]]></system-out>
  <system-err><![CDATA[]]></system-err>
</testsuite>
