<?xml version="1.0" encoding="UTF-8"?>
<testsuite name="com.hydra_billing.camunda.api.imprint.ImprintTest" tests="1" skipped="0" failures="0" errors="0" timestamp="2022-03-18T11:39:13" hostname="MacBook-Pro-Egor.local" time="0.043">
  <properties/>
  <testcase name="Imprint test" classname="com.hydra_billing.camunda.api.imprint.ImprintTest" time="0.043"/>
  <system-out><![CDATA[]]></system-out>
  <system-err><![CDATA[]]></system-err>
</testsuite>
