<?xml version="1.0" encoding="UTF-8"?>
<testsuite name="CustomerSubscriptionTest" tests="3" skipped="0" failures="0" errors="0" timestamp="2022-03-18T11:39:13" hostname="MacBook-Pro-Egor.local" time="0.082">
  <properties/>
  <testcase name="Hydra rest api create customer subscription" classname="CustomerSubscriptionTest" time="0.048"/>
  <testcase name="Hydra rest api get customer subscription" classname="CustomerSubscriptionTest" time="0.012"/>
  <testcase name="Hydra rest api show customer subscription list" classname="CustomerSubscriptionTest" time="0.021"/>
  <system-out><![CDATA[14:39:13.254 [Test worker] INFO  com.hydra_billing.camunda.api.hydra.rest.v2.subjects.customers.CustomerSubscription$Companion - Create subscription for customer 78052201 with CreateParams(n_service_id=50188901, n_par_subscription_id=null, n_account_id=78052501, n_object_id=78058401, n_contract_id=78053001, d_begin=2021-10-15T09:13:52+03:00, n_quant=null, d_end=null)
14:39:13.294 [Test worker] INFO  com.hydra_billing.camunda.api.hydra.rest.v2.subjects.customers.CustomerSubscription$Companion - Get subscription for customer 302 with id 40240701
14:39:13.308 [Test worker] INFO  com.hydra_billing.camunda.api.hydra.rest.v2.subjects.customers.CustomerSubscription$Companion - Show subscription list for customer 302
]]></system-out>
  <system-err><![CDATA[]]></system-err>
</testsuite>
