<?xml version="1.0" encoding="UTF-8"?>
<testsuite name="ReferenceTest" tests="2" skipped="0" failures="0" errors="0" timestamp="2022-03-18T11:39:13" hostname="MacBook-Pro-Egor.local" time="0.122">
  <properties/>
  <testcase name="Hydra rest api get references by type code" classname="ReferenceTest" time="0.09"/>
  <testcase name="Hydra rest api get references code" classname="ReferenceTest" time="0.027"/>
  <system-out><![CDATA[14:39:13.255 [Test worker] INFO  com.hydra_billing.camunda.api.hydra.rest.v2.Reference$Companion - Get child references for code REF_TYPE_Document_Type
14:39:13.348 [Test worker] INFO  com.hydra_billing.camunda.api.hydra.rest.v2.Reference$Companion - Get reference by code=DOC_TYPE_SubscriberContract
]]></system-out>
  <system-err><![CDATA[]]></system-err>
</testsuite>
