<?xml version="1.0" encoding="UTF-8"?>
<testsuite name="CustomerEquipmentTest" tests="3" skipped="0" failures="0" errors="0" timestamp="2022-03-18T11:39:12" hostname="MacBook-Pro-Egor.local" time="0.63">
  <properties/>
  <testcase name="Hydra rest api create customer equipment" classname="CustomerEquipmentTest" time="0.456"/>
  <testcase name="Hydra rest api show customer equipments" classname="CustomerEquipmentTest" time="0.137"/>
  <testcase name="Hydra rest api get customer equipment by id" classname="CustomerEquipmentTest" time="0.034"/>
  <system-out><![CDATA[14:39:12.475 [Test worker] INFO  com.hydra_billing.camunda.api.hydra.rest.v2.subjects.customers.CustomerEquipment$Companion - Create equipment for customer 302 with CreateParams(n_good_id=21501, n_main_object_id=null, vc_code=testing_equipment)
14:39:12.569 [Test worker] INFO  com.hydra_billing.camunda.api.hydra.rest.v2.subjects.customers.CustomerEquipment$Companion - Show equipment list for customer 302
14:39:12.701 [Test worker] INFO  com.hydra_billing.camunda.api.hydra.rest.v2.subjects.customers.CustomerEquipment$Companion - Get equipment by customerId 302 and equipmentId 40236101
]]></system-out>
  <system-err><![CDATA[]]></system-err>
</testsuite>
